<?xml version="1.0" encoding="UTF-8"?>
<!-- Generated by org.testng.reporters.JUnitReportReporter -->
<testsuite hostname="NVC00996" failures="0" tests="7" name="com.framework.tests.PostsTests" time="2.277" errors="0" timestamp="2025-07-10T00:31:44 CEST" skipped="0">
  <testcase classname="com.framework.tests.PostsTests" name="testGetAllPosts" time="0.733"/>
  <testcase classname="com.framework.tests.PostsTests" name="testGetPostById" time="0.268"/>
  <testcase classname="com.framework.tests.PostsTests" name="testCreatePost" time="0.474"/>
  <testcase classname="com.framework.tests.PostsTests" name="testUpdatePost" time="0.323"/>
  <testcase classname="com.framework.tests.PostsTests" name="testDeletePost" time="0.299"/>
  <testcase classname="com.framework.tests.PostsTests" name="testGetPostsByUserId" time="0.125"/>
  <testcase classname="com.framework.tests.PostsTests" name="testGetNonExistentPost" time="0.055"/>
</testsuite> <!-- com.framework.tests.PostsTests -->
