<?xml version="1.0" encoding="UTF-8"?>
<testsuite xmlns:xsi="http://www.w3.org/2001/XMLSchema-instance" xsi:noNamespaceSchemaLocation="https://maven.apache.org/surefire/maven-surefire-plugin/xsd/surefire-test-report-3.0.xsd" version="3.0" name="TestSuite" time="3.305" tests="7" errors="0" skipped="0" failures="0">
  <properties>
    <property name="java.specification.version" value="21"/>
    <property name="sun.jnu.encoding" value="UTF-8"/>
    <property name="java.class.path" value="/Users/andrii.shchupliak/Downloads/code_samples/java-rest-assured-api-testing-framework/target/test-classes:/Users/andrii.shchupliak/Downloads/code_samples/java-rest-assured-api-testing-framework/target/classes:/Users/andrii.shchupliak/.m2/repository/io/rest-assured/rest-assured/5.3.2/rest-assured-5.3.2.jar:/Users/andrii.shchupliak/.m2/repository/org/apache/groovy/groovy/4.0.11/groovy-4.0.11.jar:/Users/andrii.shchupliak/.m2/repository/org/apache/groovy/groovy-xml/4.0.11/groovy-xml-4.0.11.jar:/Users/andrii.shchupliak/.m2/repository/org/apache/httpcomponents/httpmime/4.5.13/httpmime-4.5.13.jar:/Users/andrii.shchupliak/.m2/repository/org/hamcrest/hamcrest/2.2/hamcrest-2.2.jar:/Users/andrii.shchupliak/.m2/repository/org/ccil/cowan/tagsoup/tagsoup/1.2.1/tagsoup-1.2.1.jar:/Users/andrii.shchupliak/.m2/repository/io/rest-assured/json-schema-validator/5.3.2/json-schema-validator-5.3.2.jar:/Users/andrii.shchupliak/.m2/repository/com/github/java-json-tools/json-schema-validator/2.2.14/json-schema-validator-2.2.14.jar:/Users/andrii.shchupliak/.m2/repository/com/github/java-json-tools/jackson-coreutils-equivalence/1.0/jackson-coreutils-equivalence-1.0.jar:/Users/andrii.shchupliak/.m2/repository/com/github/java-json-tools/jackson-coreutils/2.0/jackson-coreutils-2.0.jar:/Users/andrii.shchupliak/.m2/repository/com/github/java-json-tools/msg-simple/1.2/msg-simple-1.2.jar:/Users/andrii.shchupliak/.m2/repository/com/github/java-json-tools/btf/1.3/btf-1.3.jar:/Users/andrii.shchupliak/.m2/repository/com/github/java-json-tools/json-schema-core/1.2.14/json-schema-core-1.2.14.jar:/Users/andrii.shchupliak/.m2/repository/com/github/java-json-tools/uri-template/0.10/uri-template-0.10.jar:/Users/andrii.shchupliak/.m2/repository/org/mozilla/rhino/1.7.7.2/rhino-1.7.7.2.jar:/Users/andrii.shchupliak/.m2/repository/com/sun/mail/mailapi/1.6.2/mailapi-1.6.2.jar:/Users/andrii.shchupliak/.m2/repository/joda-time/joda-time/2.10.5/joda-time-2.10.5.jar:/Users/andrii.shchupliak/.m2/repository/com/googlecode/libphonenumber/libphonenumber/8.11.1/libphonenumber-8.11.1.jar:/Users/andrii.shchupliak/.m2/repository/io/rest-assured/xml-path/5.3.2/xml-path-5.3.2.jar:/Users/andrii.shchupliak/.m2/repository/io/rest-assured/rest-assured-common/5.3.2/rest-assured-common-5.3.2.jar:/Users/andrii.shchupliak/.m2/repository/io/rest-assured/json-path/5.3.2/json-path-5.3.2.jar:/Users/andrii.shchupliak/.m2/repository/org/apache/groovy/groovy-json/4.0.11/groovy-json-4.0.11.jar:/Users/andrii.shchupliak/.m2/repository/org/testng/testng/7.8.0/testng-7.8.0.jar:/Users/andrii.shchupliak/.m2/repository/com/beust/jcommander/1.82/jcommander-1.82.jar:/Users/andrii.shchupliak/.m2/repository/org/webjars/jquery/3.6.1/jquery-3.6.1.jar:/Users/andrii.shchupliak/.m2/repository/com/fasterxml/jackson/core/jackson-databind/2.15.2/jackson-databind-2.15.2.jar:/Users/andrii.shchupliak/.m2/repository/com/fasterxml/jackson/core/jackson-annotations/2.15.2/jackson-annotations-2.15.2.jar:/Users/andrii.shchupliak/.m2/repository/com/fasterxml/jackson/core/jackson-core/2.15.2/jackson-core-2.15.2.jar:/Users/andrii.shchupliak/.m2/repository/io/qameta/allure/allure-testng/2.24.0/allure-testng-2.24.0.jar:/Users/andrii.shchupliak/.m2/repository/io/qameta/allure/allure-java-commons/2.24.0/allure-java-commons-2.24.0.jar:/Users/andrii.shchupliak/.m2/repository/io/qameta/allure/allure-model/2.24.0/allure-model-2.24.0.jar:/Users/andrii.shchupliak/.m2/repository/io/qameta/allure/allure-test-filter/2.24.0/allure-test-filter-2.24.0.jar:/Users/andrii.shchupliak/.m2/repository/io/qameta/allure/allure-rest-assured/2.24.0/allure-rest-assured-2.24.0.jar:/Users/andrii.shchupliak/.m2/repository/io/qameta/allure/allure-attachments/2.24.0/allure-attachments-2.24.0.jar:/Users/andrii.shchupliak/.m2/repository/com/aventstack/extentreports/5.1.0/extentreports-5.1.0.jar:/Users/andrii.shchupliak/.m2/repository/io/reactivex/rxjava3/rxjava/3.1.6/rxjava-3.1.6.jar:/Users/andrii.shchupliak/.m2/repository/org/reactivestreams/reactive-streams/1.0.4/reactive-streams-1.0.4.jar:/Users/andrii.shchupliak/.m2/repository/org/freemarker/freemarker/2.3.32/freemarker-2.3.32.jar:/Users/andrii.shchupliak/.m2/repository/com/google/code/gson/gson/2.10.1/gson-2.10.1.jar:/Users/andrii.shchupliak/.m2/repository/com/mysql/mysql-connector-j/8.0.33/mysql-connector-j-8.0.33.jar:/Users/andrii.shchupliak/.m2/repository/com/google/protobuf/protobuf-java/3.21.9/protobuf-java-3.21.9.jar:/Users/andrii.shchupliak/.m2/repository/org/postgresql/postgresql/42.6.0/postgresql-42.6.0.jar:/Users/andrii.shchupliak/.m2/repository/org/checkerframework/checker-qual/3.31.0/checker-qual-3.31.0.jar:/Users/andrii.shchupliak/.m2/repository/org/mongodb/mongodb-driver-sync/4.10.2/mongodb-driver-sync-4.10.2.jar:/Users/andrii.shchupliak/.m2/repository/org/mongodb/bson/4.10.2/bson-4.10.2.jar:/Users/andrii.shchupliak/.m2/repository/org/mongodb/mongodb-driver-core/4.10.2/mongodb-driver-core-4.10.2.jar:/Users/andrii.shchupliak/.m2/repository/org/mongodb/bson-record-codec/4.10.2/bson-record-codec-4.10.2.jar:/Users/andrii.shchupliak/.m2/repository/redis/clients/jedis/4.4.4/jedis-4.4.4.jar:/Users/andrii.shchupliak/.m2/repository/org/apache/commons/commons-pool2/2.11.1/commons-pool2-2.11.1.jar:/Users/andrii.shchupliak/.m2/repository/org/json/json/20230227/json-20230227.jar:/Users/andrii.shchupliak/.m2/repository/org/apache/commons/commons-lang3/3.13.0/commons-lang3-3.13.0.jar:/Users/andrii.shchupliak/.m2/repository/commons-io/commons-io/2.13.0/commons-io-2.13.0.jar:/Users/andrii.shchupliak/.m2/repository/org/apache/poi/poi/5.2.4/poi-5.2.4.jar:/Users/andrii.shchupliak/.m2/repository/org/apache/commons/commons-collections4/4.4/commons-collections4-4.4.jar:/Users/andrii.shchupliak/.m2/repository/org/apache/commons/commons-math3/3.6.1/commons-math3-3.6.1.jar:/Users/andrii.shchupliak/.m2/repository/com/zaxxer/SparseBitSet/1.3/SparseBitSet-1.3.jar:/Users/andrii.shchupliak/.m2/repository/org/apache/logging/log4j/log4j-api/2.20.0/log4j-api-2.20.0.jar:/Users/andrii.shchupliak/.m2/repository/org/apache/poi/poi-ooxml/5.2.4/poi-ooxml-5.2.4.jar:/Users/andrii.shchupliak/.m2/repository/org/apache/poi/poi-ooxml-lite/5.2.4/poi-ooxml-lite-5.2.4.jar:/Users/andrii.shchupliak/.m2/repository/org/apache/xmlbeans/xmlbeans/5.1.1/xmlbeans-5.1.1.jar:/Users/andrii.shchupliak/.m2/repository/org/apache/commons/commons-compress/1.24.0/commons-compress-1.24.0.jar:/Users/andrii.shchupliak/.m2/repository/com/github/virtuald/curvesapi/1.08/curvesapi-1.08.jar:/Users/andrii.shchupliak/.m2/repository/com/github/javafaker/javafaker/1.0.2/javafaker-1.0.2.jar:/Users/andrii.shchupliak/.m2/repository/org/yaml/snakeyaml/1.23/snakeyaml-1.23-android.jar:/Users/andrii.shchupliak/.m2/repository/com/github/mifmif/generex/1.0.2/generex-1.0.2.jar:/Users/andrii.shchupliak/.m2/repository/dk/brics/automaton/automaton/1.11-8/automaton-1.11-8.jar:/Users/andrii.shchupliak/.m2/repository/ch/qos/logback/logback-classic/1.4.11/logback-classic-1.4.11.jar:/Users/andrii.shchupliak/.m2/repository/ch/qos/logback/logback-core/1.4.11/logback-core-1.4.11.jar:/Users/andrii.shchupliak/.m2/repository/org/slf4j/slf4j-api/2.0.7/slf4j-api-2.0.7.jar:/Users/andrii.shchupliak/.m2/repository/org/assertj/assertj-core/3.24.2/assertj-core-3.24.2.jar:/Users/andrii.shchupliak/.m2/repository/net/bytebuddy/byte-buddy/1.12.21/byte-buddy-1.12.21.jar:/Users/andrii.shchupliak/.m2/repository/com/github/tomakehurst/wiremock-jre8/2.35.0/wiremock-jre8-2.35.0.jar:/Users/andrii.shchupliak/.m2/repository/org/eclipse/jetty/jetty-server/9.4.49.v20220914/jetty-server-9.4.49.v20220914.jar:/Users/andrii.shchupliak/.m2/repository/javax/servlet/javax.servlet-api/3.1.0/javax.servlet-api-3.1.0.jar:/Users/andrii.shchupliak/.m2/repository/org/eclipse/jetty/jetty-http/9.4.49.v20220914/jetty-http-9.4.49.v20220914.jar:/Users/andrii.shchupliak/.m2/repository/org/eclipse/jetty/jetty-io/9.4.49.v20220914/jetty-io-9.4.49.v20220914.jar:/Users/andrii.shchupliak/.m2/repository/org/eclipse/jetty/jetty-servlet/9.4.49.v20220914/jetty-servlet-9.4.49.v20220914.jar:/Users/andrii.shchupliak/.m2/repository/org/eclipse/jetty/jetty-security/9.4.49.v20220914/jetty-security-9.4.49.v20220914.jar:/Users/andrii.shchupliak/.m2/repository/org/eclipse/jetty/jetty-util-ajax/9.4.49.v20220914/jetty-util-ajax-9.4.49.v20220914.jar:/Users/andrii.shchupliak/.m2/repository/org/eclipse/jetty/jetty-servlets/9.4.49.v20220914/jetty-servlets-9.4.49.v20220914.jar:/Users/andrii.shchupliak/.m2/repository/org/eclipse/jetty/jetty-continuation/9.4.49.v20220914/jetty-continuation-9.4.49.v20220914.jar:/Users/andrii.shchupliak/.m2/repository/org/eclipse/jetty/jetty-util/9.4.49.v20220914/jetty-util-9.4.49.v20220914.jar:/Users/andrii.shchupliak/.m2/repository/org/eclipse/jetty/jetty-webapp/9.4.49.v20220914/jetty-webapp-9.4.49.v20220914.jar:/Users/andrii.shchupliak/.m2/repository/org/eclipse/jetty/jetty-xml/9.4.49.v20220914/jetty-xml-9.4.49.v20220914.jar:/Users/andrii.shchupliak/.m2/repository/org/eclipse/jetty/jetty-proxy/9.4.49.v20220914/jetty-proxy-9.4.49.v20220914.jar:/Users/andrii.shchupliak/.m2/repository/org/eclipse/jetty/jetty-client/9.4.49.v20220914/jetty-client-9.4.49.v20220914.jar:/Users/andrii.shchupliak/.m2/repository/org/eclipse/jetty/http2/http2-server/9.4.49.v20220914/http2-server-9.4.49.v20220914.jar:/Users/andrii.shchupliak/.m2/repository/org/eclipse/jetty/http2/http2-common/9.4.49.v20220914/http2-common-9.4.49.v20220914.jar:/Users/andrii.shchupliak/.m2/repository/org/eclipse/jetty/http2/http2-hpack/9.4.49.v20220914/http2-hpack-9.4.49.v20220914.jar:/Users/andrii.shchupliak/.m2/repository/org/eclipse/jetty/jetty-alpn-server/9.4.49.v20220914/jetty-alpn-server-9.4.49.v20220914.jar:/Users/andrii.shchupliak/.m2/repository/org/eclipse/jetty/jetty-alpn-java-server/9.4.49.v20220914/jetty-alpn-java-server-9.4.49.v20220914.jar:/Users/andrii.shchupliak/.m2/repository/org/eclipse/jetty/jetty-alpn-openjdk8-server/9.4.49.v20220914/jetty-alpn-openjdk8-server-9.4.49.v20220914.jar:/Users/andrii.shchupliak/.m2/repository/org/eclipse/jetty/jetty-alpn-java-client/9.4.49.v20220914/jetty-alpn-java-client-9.4.49.v20220914.jar:/Users/andrii.shchupliak/.m2/repository/org/eclipse/jetty/jetty-alpn-client/9.4.49.v20220914/jetty-alpn-client-9.4.49.v20220914.jar:/Users/andrii.shchupliak/.m2/repository/org/eclipse/jetty/jetty-alpn-openjdk8-client/9.4.49.v20220914/jetty-alpn-openjdk8-client-9.4.49.v20220914.jar:/Users/andrii.shchupliak/.m2/repository/org/apache/httpcomponents/client5/httpclient5/5.1.3/httpclient5-5.1.3.jar:/Users/andrii.shchupliak/.m2/repository/org/apache/httpcomponents/core5/httpcore5/5.1.3/httpcore5-5.1.3.jar:/Users/andrii.shchupliak/.m2/repository/org/apache/httpcomponents/core5/httpcore5-h2/5.1.3/httpcore5-h2-5.1.3.jar:/Users/andrii.shchupliak/.m2/repository/org/xmlunit/xmlunit-core/2.9.0/xmlunit-core-2.9.0.jar:/Users/andrii.shchupliak/.m2/repository/jakarta/xml/bind/jakarta.xml.bind-api/2.3.3/jakarta.xml.bind-api-2.3.3.jar:/Users/andrii.shchupliak/.m2/repository/jakarta/activation/jakarta.activation-api/1.2.2/jakarta.activation-api-1.2.2.jar:/Users/andrii.shchupliak/.m2/repository/org/xmlunit/xmlunit-legacy/2.9.0/xmlunit-legacy-2.9.0.jar:/Users/andrii.shchupliak/.m2/repository/org/xmlunit/xmlunit-placeholders/2.9.0/xmlunit-placeholders-2.9.0.jar:/Users/andrii.shchupliak/.m2/repository/net/javacrumbs/json-unit/json-unit-core/2.36.0/json-unit-core-2.36.0.jar:/Users/andrii.shchupliak/.m2/repository/org/ow2/asm/asm/9.4/asm-9.4.jar:/Users/andrii.shchupliak/.m2/repository/net/sf/jopt-simple/jopt-simple/5.0.4/jopt-simple-5.0.4.jar:/Users/andrii.shchupliak/.m2/repository/com/github/jknack/handlebars/4.3.1/handlebars-4.3.1.jar:/Users/andrii.shchupliak/.m2/repository/com/github/jknack/handlebars-helpers/4.3.1/handlebars-helpers-4.3.1.jar:/Users/andrii.shchupliak/.m2/repository/commons-fileupload/commons-fileupload/1.4/commons-fileupload-1.4.jar:/Users/andrii.shchupliak/.m2/repository/com/jayway/jsonpath/json-path/2.8.0/json-path-2.8.0.jar:/Users/andrii.shchupliak/.m2/repository/net/minidev/json-smart/2.4.10/json-smart-2.4.10.jar:/Users/andrii.shchupliak/.m2/repository/net/minidev/accessors-smart/2.4.9/accessors-smart-2.4.9.jar:/Users/andrii.shchupliak/.m2/repository/org/aeonbits/owner/owner/1.0.12/owner-1.0.12.jar:/Users/andrii.shchupliak/.m2/repository/org/apache/httpcomponents/httpclient/4.5.14/httpclient-4.5.14.jar:/Users/andrii.shchupliak/.m2/repository/org/apache/httpcomponents/httpcore/4.4.16/httpcore-4.4.16.jar:/Users/andrii.shchupliak/.m2/repository/commons-logging/commons-logging/1.2/commons-logging-1.2.jar:/Users/andrii.shchupliak/.m2/repository/org/springframework/security/spring-security-oauth2-client/6.1.3/spring-security-oauth2-client-6.1.3.jar:/Users/andrii.shchupliak/.m2/repository/org/springframework/security/spring-security-core/6.1.3/spring-security-core-6.1.3.jar:/Users/andrii.shchupliak/.m2/repository/org/springframework/security/spring-security-crypto/6.1.3/spring-security-crypto-6.1.3.jar:/Users/andrii.shchupliak/.m2/repository/org/springframework/spring-aop/6.0.11/spring-aop-6.0.11.jar:/Users/andrii.shchupliak/.m2/repository/org/springframework/spring-beans/6.0.11/spring-beans-6.0.11.jar:/Users/andrii.shchupliak/.m2/repository/org/springframework/spring-context/6.0.11/spring-context-6.0.11.jar:/Users/andrii.shchupliak/.m2/repository/org/springframework/spring-expression/6.0.11/spring-expression-6.0.11.jar:/Users/andrii.shchupliak/.m2/repository/org/springframework/security/spring-security-oauth2-core/6.1.3/spring-security-oauth2-core-6.1.3.jar:/Users/andrii.shchupliak/.m2/repository/org/springframework/spring-web/6.0.11/spring-web-6.0.11.jar:/Users/andrii.shchupliak/.m2/repository/org/springframework/security/spring-security-web/6.1.3/spring-security-web-6.1.3.jar:/Users/andrii.shchupliak/.m2/repository/org/springframework/spring-core/6.0.11/spring-core-6.0.11.jar:/Users/andrii.shchupliak/.m2/repository/org/springframework/spring-jcl/6.0.11/spring-jcl-6.0.11.jar:/Users/andrii.shchupliak/.m2/repository/com/nimbusds/oauth2-oidc-sdk/9.43.3/oauth2-oidc-sdk-9.43.3.jar:/Users/andrii.shchupliak/.m2/repository/com/github/stephenc/jcip/jcip-annotations/1.0-1/jcip-annotations-1.0-1.jar:/Users/andrii.shchupliak/.m2/repository/com/nimbusds/content-type/2.2/content-type-2.2.jar:/Users/andrii.shchupliak/.m2/repository/com/nimbusds/lang-tag/1.7/lang-tag-1.7.jar:/Users/andrii.shchupliak/.m2/repository/com/nimbusds/nimbus-jose-jwt/9.24.4/nimbus-jose-jwt-9.24.4.jar:/Users/andrii.shchupliak/.m2/repository/com/opencsv/opencsv/5.8/opencsv-5.8.jar:/Users/andrii.shchupliak/.m2/repository/org/apache/commons/commons-text/1.10.0/commons-text-1.10.0.jar:/Users/andrii.shchupliak/.m2/repository/commons-beanutils/commons-beanutils/1.9.4/commons-beanutils-1.9.4.jar:/Users/andrii.shchupliak/.m2/repository/commons-collections/commons-collections/3.2.2/commons-collections-3.2.2.jar:/Users/andrii.shchupliak/.m2/repository/javax/mail/mail/1.4.7/mail-1.4.7.jar:/Users/andrii.shchupliak/.m2/repository/javax/activation/activation/1.1/activation-1.1.jar:/Users/andrii.shchupliak/.m2/repository/com/slack/api/slack-api-client/1.30.0/slack-api-client-1.30.0.jar:/Users/andrii.shchupliak/.m2/repository/com/slack/api/slack-api-model/1.30.0/slack-api-model-1.30.0.jar:/Users/andrii.shchupliak/.m2/repository/com/squareup/okhttp3/okhttp/4.11.0/okhttp-4.11.0.jar:/Users/andrii.shchupliak/.m2/repository/com/squareup/okio/okio/3.2.0/okio-3.2.0.jar:/Users/andrii.shchupliak/.m2/repository/com/squareup/okio/okio-jvm/3.2.0/okio-jvm-3.2.0.jar:/Users/andrii.shchupliak/.m2/repository/org/jetbrains/kotlin/kotlin-stdlib/1.6.20/kotlin-stdlib-1.6.20.jar:/Users/andrii.shchupliak/.m2/repository/org/jetbrains/kotlin/kotlin-stdlib-common/1.6.20/kotlin-stdlib-common-1.6.20.jar:/Users/andrii.shchupliak/.m2/repository/org/jetbrains/annotations/13.0/annotations-13.0.jar:/Users/andrii.shchupliak/.m2/repository/org/jetbrains/kotlin/kotlin-stdlib-jdk8/1.6.20/kotlin-stdlib-jdk8-1.6.20.jar:/Users/andrii.shchupliak/.m2/repository/org/jetbrains/kotlin/kotlin-stdlib-jdk7/1.6.20/kotlin-stdlib-jdk7-1.6.20.jar:/Users/andrii.shchupliak/.m2/repository/org/jsoup/jsoup/1.16.1/jsoup-1.16.1.jar:/Users/andrii.shchupliak/.m2/repository/org/projectlombok/lombok/1.18.28/lombok-1.18.28.jar:/Users/andrii.shchupliak/.m2/repository/org/hibernate/validator/hibernate-validator/8.0.1.Final/hibernate-validator-8.0.1.Final.jar:/Users/andrii.shchupliak/.m2/repository/jakarta/validation/jakarta.validation-api/3.0.2/jakarta.validation-api-3.0.2.jar:/Users/andrii.shchupliak/.m2/repository/org/jboss/logging/jboss-logging/3.4.3.Final/jboss-logging-3.4.3.Final.jar:/Users/andrii.shchupliak/.m2/repository/com/fasterxml/classmate/1.5.1/classmate-1.5.1.jar:/Users/andrii.shchupliak/.m2/repository/io/micrometer/micrometer-core/1.11.3/micrometer-core-1.11.3.jar:/Users/andrii.shchupliak/.m2/repository/io/micrometer/micrometer-commons/1.11.3/micrometer-commons-1.11.3.jar:/Users/andrii.shchupliak/.m2/repository/io/micrometer/micrometer-observation/1.11.3/micrometer-observation-1.11.3.jar:/Users/andrii.shchupliak/.m2/repository/org/hdrhistogram/HdrHistogram/2.1.12/HdrHistogram-2.1.12.jar:/Users/andrii.shchupliak/.m2/repository/org/latencyutils/LatencyUtils/2.0.3/LatencyUtils-2.0.3.jar:/Users/andrii.shchupliak/.m2/repository/com/fasterxml/jackson/dataformat/jackson-dataformat-xml/2.15.2/jackson-dataformat-xml-2.15.2.jar:/Users/andrii.shchupliak/.m2/repository/org/codehaus/woodstox/stax2-api/4.2.1/stax2-api-4.2.1.jar:/Users/andrii.shchupliak/.m2/repository/com/fasterxml/woodstox/woodstox-core/6.5.1/woodstox-core-6.5.1.jar:/Users/andrii.shchupliak/.m2/repository/commons-codec/commons-codec/1.16.0/commons-codec-1.16.0.jar:/Users/andrii.shchupliak/.m2/repository/org/springframework/retry/spring-retry/2.0.2/spring-retry-2.0.2.jar:/Users/andrii.shchupliak/.m2/repository/net/jcip/jcip-annotations/1.0/jcip-annotations-1.0.jar:/Users/andrii.shchupliak/.m2/repository/org/yaml/snakeyaml/2.2/snakeyaml-2.2.jar:/Users/andrii.shchupliak/.m2/repository/org/reflections/reflections/0.10.2/reflections-0.10.2.jar:/Users/andrii.shchupliak/.m2/repository/org/javassist/javassist/3.28.0-GA/javassist-3.28.0-GA.jar:/Users/andrii.shchupliak/.m2/repository/com/google/code/findbugs/jsr305/3.0.2/jsr305-3.0.2.jar:/Users/andrii.shchupliak/.m2/repository/com/google/guava/guava/32.1.2-jre/guava-32.1.2-jre.jar:/Users/andrii.shchupliak/.m2/repository/com/google/guava/failureaccess/1.0.1/failureaccess-1.0.1.jar:/Users/andrii.shchupliak/.m2/repository/com/google/guava/listenablefuture/9999.0-empty-to-avoid-conflict-with-guava/listenablefuture-9999.0-empty-to-avoid-conflict-with-guava.jar:/Users/andrii.shchupliak/.m2/repository/com/google/errorprone/error_prone_annotations/2.18.0/error_prone_annotations-2.18.0.jar:/Users/andrii.shchupliak/.m2/repository/com/google/j2objc/j2objc-annotations/2.8/j2objc-annotations-2.8.jar:/Users/andrii.shchupliak/.m2/repository/junit/junit/4.13.2/junit-4.13.2.jar:/Users/andrii.shchupliak/.m2/repository/org/hamcrest/hamcrest-core/1.3/hamcrest-core-1.3.jar:"/>
    <property name="java.vm.vendor" value="Eclipse Adoptium"/>
    <property name="sun.arch.data.model" value="64"/>
    <property name="java.vendor.url" value="https://adoptium.net/"/>
    <property name="user.timezone" value="Europe/Amsterdam"/>
    <property name="os.name" value="Mac OS X"/>
    <property name="java.vm.specification.version" value="21"/>
    <property name="sun.java.launcher" value="SUN_STANDARD"/>
    <property name="user.country" value="US"/>
    <property name="sun.boot.library.path" value="/Users/andrii.shchupliak/.sdkman/candidates/java/21.0.7-tem/lib"/>
    <property name="sun.java.command" value="/Users/andrii.shchupliak/Downloads/code_samples/java-rest-assured-api-testing-framework/target/surefire/surefirebooter-20250710003141232_3.jar /Users/andrii.shchupliak/Downloads/code_samples/java-rest-assured-api-testing-framework/target/surefire 2025-07-10T00-31-41_199-jvmRun1 surefire-20250710003141232_1tmp surefire_0-20250710003141232_2tmp"/>
    <property name="http.nonProxyHosts" value="local|*.local|169.254/16|*.169.254/16"/>
    <property name="jdk.debug" value="release"/>
    <property name="surefire.test.class.path" value="/Users/andrii.shchupliak/Downloads/code_samples/java-rest-assured-api-testing-framework/target/test-classes:/Users/andrii.shchupliak/Downloads/code_samples/java-rest-assured-api-testing-framework/target/classes:/Users/andrii.shchupliak/.m2/repository/io/rest-assured/rest-assured/5.3.2/rest-assured-5.3.2.jar:/Users/andrii.shchupliak/.m2/repository/org/apache/groovy/groovy/4.0.11/groovy-4.0.11.jar:/Users/andrii.shchupliak/.m2/repository/org/apache/groovy/groovy-xml/4.0.11/groovy-xml-4.0.11.jar:/Users/andrii.shchupliak/.m2/repository/org/apache/httpcomponents/httpmime/4.5.13/httpmime-4.5.13.jar:/Users/andrii.shchupliak/.m2/repository/org/hamcrest/hamcrest/2.2/hamcrest-2.2.jar:/Users/andrii.shchupliak/.m2/repository/org/ccil/cowan/tagsoup/tagsoup/1.2.1/tagsoup-1.2.1.jar:/Users/andrii.shchupliak/.m2/repository/io/rest-assured/json-schema-validator/5.3.2/json-schema-validator-5.3.2.jar:/Users/andrii.shchupliak/.m2/repository/com/github/java-json-tools/json-schema-validator/2.2.14/json-schema-validator-2.2.14.jar:/Users/andrii.shchupliak/.m2/repository/com/github/java-json-tools/jackson-coreutils-equivalence/1.0/jackson-coreutils-equivalence-1.0.jar:/Users/andrii.shchupliak/.m2/repository/com/github/java-json-tools/jackson-coreutils/2.0/jackson-coreutils-2.0.jar:/Users/andrii.shchupliak/.m2/repository/com/github/java-json-tools/msg-simple/1.2/msg-simple-1.2.jar:/Users/andrii.shchupliak/.m2/repository/com/github/java-json-tools/btf/1.3/btf-1.3.jar:/Users/andrii.shchupliak/.m2/repository/com/github/java-json-tools/json-schema-core/1.2.14/json-schema-core-1.2.14.jar:/Users/andrii.shchupliak/.m2/repository/com/github/java-json-tools/uri-template/0.10/uri-template-0.10.jar:/Users/andrii.shchupliak/.m2/repository/org/mozilla/rhino/1.7.7.2/rhino-1.7.7.2.jar:/Users/andrii.shchupliak/.m2/repository/com/sun/mail/mailapi/1.6.2/mailapi-1.6.2.jar:/Users/andrii.shchupliak/.m2/repository/joda-time/joda-time/2.10.5/joda-time-2.10.5.jar:/Users/andrii.shchupliak/.m2/repository/com/googlecode/libphonenumber/libphonenumber/8.11.1/libphonenumber-8.11.1.jar:/Users/andrii.shchupliak/.m2/repository/io/rest-assured/xml-path/5.3.2/xml-path-5.3.2.jar:/Users/andrii.shchupliak/.m2/repository/io/rest-assured/rest-assured-common/5.3.2/rest-assured-common-5.3.2.jar:/Users/andrii.shchupliak/.m2/repository/io/rest-assured/json-path/5.3.2/json-path-5.3.2.jar:/Users/andrii.shchupliak/.m2/repository/org/apache/groovy/groovy-json/4.0.11/groovy-json-4.0.11.jar:/Users/andrii.shchupliak/.m2/repository/org/testng/testng/7.8.0/testng-7.8.0.jar:/Users/andrii.shchupliak/.m2/repository/com/beust/jcommander/1.82/jcommander-1.82.jar:/Users/andrii.shchupliak/.m2/repository/org/webjars/jquery/3.6.1/jquery-3.6.1.jar:/Users/andrii.shchupliak/.m2/repository/com/fasterxml/jackson/core/jackson-databind/2.15.2/jackson-databind-2.15.2.jar:/Users/andrii.shchupliak/.m2/repository/com/fasterxml/jackson/core/jackson-annotations/2.15.2/jackson-annotations-2.15.2.jar:/Users/andrii.shchupliak/.m2/repository/com/fasterxml/jackson/core/jackson-core/2.15.2/jackson-core-2.15.2.jar:/Users/andrii.shchupliak/.m2/repository/io/qameta/allure/allure-testng/2.24.0/allure-testng-2.24.0.jar:/Users/andrii.shchupliak/.m2/repository/io/qameta/allure/allure-java-commons/2.24.0/allure-java-commons-2.24.0.jar:/Users/andrii.shchupliak/.m2/repository/io/qameta/allure/allure-model/2.24.0/allure-model-2.24.0.jar:/Users/andrii.shchupliak/.m2/repository/io/qameta/allure/allure-test-filter/2.24.0/allure-test-filter-2.24.0.jar:/Users/andrii.shchupliak/.m2/repository/io/qameta/allure/allure-rest-assured/2.24.0/allure-rest-assured-2.24.0.jar:/Users/andrii.shchupliak/.m2/repository/io/qameta/allure/allure-attachments/2.24.0/allure-attachments-2.24.0.jar:/Users/andrii.shchupliak/.m2/repository/com/aventstack/extentreports/5.1.0/extentreports-5.1.0.jar:/Users/andrii.shchupliak/.m2/repository/io/reactivex/rxjava3/rxjava/3.1.6/rxjava-3.1.6.jar:/Users/andrii.shchupliak/.m2/repository/org/reactivestreams/reactive-streams/1.0.4/reactive-streams-1.0.4.jar:/Users/andrii.shchupliak/.m2/repository/org/freemarker/freemarker/2.3.32/freemarker-2.3.32.jar:/Users/andrii.shchupliak/.m2/repository/com/google/code/gson/gson/2.10.1/gson-2.10.1.jar:/Users/andrii.shchupliak/.m2/repository/com/mysql/mysql-connector-j/8.0.33/mysql-connector-j-8.0.33.jar:/Users/andrii.shchupliak/.m2/repository/com/google/protobuf/protobuf-java/3.21.9/protobuf-java-3.21.9.jar:/Users/andrii.shchupliak/.m2/repository/org/postgresql/postgresql/42.6.0/postgresql-42.6.0.jar:/Users/andrii.shchupliak/.m2/repository/org/checkerframework/checker-qual/3.31.0/checker-qual-3.31.0.jar:/Users/andrii.shchupliak/.m2/repository/org/mongodb/mongodb-driver-sync/4.10.2/mongodb-driver-sync-4.10.2.jar:/Users/andrii.shchupliak/.m2/repository/org/mongodb/bson/4.10.2/bson-4.10.2.jar:/Users/andrii.shchupliak/.m2/repository/org/mongodb/mongodb-driver-core/4.10.2/mongodb-driver-core-4.10.2.jar:/Users/andrii.shchupliak/.m2/repository/org/mongodb/bson-record-codec/4.10.2/bson-record-codec-4.10.2.jar:/Users/andrii.shchupliak/.m2/repository/redis/clients/jedis/4.4.4/jedis-4.4.4.jar:/Users/andrii.shchupliak/.m2/repository/org/apache/commons/commons-pool2/2.11.1/commons-pool2-2.11.1.jar:/Users/andrii.shchupliak/.m2/repository/org/json/json/20230227/json-20230227.jar:/Users/andrii.shchupliak/.m2/repository/org/apache/commons/commons-lang3/3.13.0/commons-lang3-3.13.0.jar:/Users/andrii.shchupliak/.m2/repository/commons-io/commons-io/2.13.0/commons-io-2.13.0.jar:/Users/andrii.shchupliak/.m2/repository/org/apache/poi/poi/5.2.4/poi-5.2.4.jar:/Users/andrii.shchupliak/.m2/repository/org/apache/commons/commons-collections4/4.4/commons-collections4-4.4.jar:/Users/andrii.shchupliak/.m2/repository/org/apache/commons/commons-math3/3.6.1/commons-math3-3.6.1.jar:/Users/andrii.shchupliak/.m2/repository/com/zaxxer/SparseBitSet/1.3/SparseBitSet-1.3.jar:/Users/andrii.shchupliak/.m2/repository/org/apache/logging/log4j/log4j-api/2.20.0/log4j-api-2.20.0.jar:/Users/andrii.shchupliak/.m2/repository/org/apache/poi/poi-ooxml/5.2.4/poi-ooxml-5.2.4.jar:/Users/andrii.shchupliak/.m2/repository/org/apache/poi/poi-ooxml-lite/5.2.4/poi-ooxml-lite-5.2.4.jar:/Users/andrii.shchupliak/.m2/repository/org/apache/xmlbeans/xmlbeans/5.1.1/xmlbeans-5.1.1.jar:/Users/andrii.shchupliak/.m2/repository/org/apache/commons/commons-compress/1.24.0/commons-compress-1.24.0.jar:/Users/andrii.shchupliak/.m2/repository/com/github/virtuald/curvesapi/1.08/curvesapi-1.08.jar:/Users/andrii.shchupliak/.m2/repository/com/github/javafaker/javafaker/1.0.2/javafaker-1.0.2.jar:/Users/andrii.shchupliak/.m2/repository/org/yaml/snakeyaml/1.23/snakeyaml-1.23-android.jar:/Users/andrii.shchupliak/.m2/repository/com/github/mifmif/generex/1.0.2/generex-1.0.2.jar:/Users/andrii.shchupliak/.m2/repository/dk/brics/automaton/automaton/1.11-8/automaton-1.11-8.jar:/Users/andrii.shchupliak/.m2/repository/ch/qos/logback/logback-classic/1.4.11/logback-classic-1.4.11.jar:/Users/andrii.shchupliak/.m2/repository/ch/qos/logback/logback-core/1.4.11/logback-core-1.4.11.jar:/Users/andrii.shchupliak/.m2/repository/org/slf4j/slf4j-api/2.0.7/slf4j-api-2.0.7.jar:/Users/andrii.shchupliak/.m2/repository/org/assertj/assertj-core/3.24.2/assertj-core-3.24.2.jar:/Users/andrii.shchupliak/.m2/repository/net/bytebuddy/byte-buddy/1.12.21/byte-buddy-1.12.21.jar:/Users/andrii.shchupliak/.m2/repository/com/github/tomakehurst/wiremock-jre8/2.35.0/wiremock-jre8-2.35.0.jar:/Users/andrii.shchupliak/.m2/repository/org/eclipse/jetty/jetty-server/9.4.49.v20220914/jetty-server-9.4.49.v20220914.jar:/Users/andrii.shchupliak/.m2/repository/javax/servlet/javax.servlet-api/3.1.0/javax.servlet-api-3.1.0.jar:/Users/andrii.shchupliak/.m2/repository/org/eclipse/jetty/jetty-http/9.4.49.v20220914/jetty-http-9.4.49.v20220914.jar:/Users/andrii.shchupliak/.m2/repository/org/eclipse/jetty/jetty-io/9.4.49.v20220914/jetty-io-9.4.49.v20220914.jar:/Users/andrii.shchupliak/.m2/repository/org/eclipse/jetty/jetty-servlet/9.4.49.v20220914/jetty-servlet-9.4.49.v20220914.jar:/Users/andrii.shchupliak/.m2/repository/org/eclipse/jetty/jetty-security/9.4.49.v20220914/jetty-security-9.4.49.v20220914.jar:/Users/andrii.shchupliak/.m2/repository/org/eclipse/jetty/jetty-util-ajax/9.4.49.v20220914/jetty-util-ajax-9.4.49.v20220914.jar:/Users/andrii.shchupliak/.m2/repository/org/eclipse/jetty/jetty-servlets/9.4.49.v20220914/jetty-servlets-9.4.49.v20220914.jar:/Users/andrii.shchupliak/.m2/repository/org/eclipse/jetty/jetty-continuation/9.4.49.v20220914/jetty-continuation-9.4.49.v20220914.jar:/Users/andrii.shchupliak/.m2/repository/org/eclipse/jetty/jetty-util/9.4.49.v20220914/jetty-util-9.4.49.v20220914.jar:/Users/andrii.shchupliak/.m2/repository/org/eclipse/jetty/jetty-webapp/9.4.49.v20220914/jetty-webapp-9.4.49.v20220914.jar:/Users/andrii.shchupliak/.m2/repository/org/eclipse/jetty/jetty-xml/9.4.49.v20220914/jetty-xml-9.4.49.v20220914.jar:/Users/andrii.shchupliak/.m2/repository/org/eclipse/jetty/jetty-proxy/9.4.49.v20220914/jetty-proxy-9.4.49.v20220914.jar:/Users/andrii.shchupliak/.m2/repository/org/eclipse/jetty/jetty-client/9.4.49.v20220914/jetty-client-9.4.49.v20220914.jar:/Users/andrii.shchupliak/.m2/repository/org/eclipse/jetty/http2/http2-server/9.4.49.v20220914/http2-server-9.4.49.v20220914.jar:/Users/andrii.shchupliak/.m2/repository/org/eclipse/jetty/http2/http2-common/9.4.49.v20220914/http2-common-9.4.49.v20220914.jar:/Users/andrii.shchupliak/.m2/repository/org/eclipse/jetty/http2/http2-hpack/9.4.49.v20220914/http2-hpack-9.4.49.v20220914.jar:/Users/andrii.shchupliak/.m2/repository/org/eclipse/jetty/jetty-alpn-server/9.4.49.v20220914/jetty-alpn-server-9.4.49.v20220914.jar:/Users/andrii.shchupliak/.m2/repository/org/eclipse/jetty/jetty-alpn-java-server/9.4.49.v20220914/jetty-alpn-java-server-9.4.49.v20220914.jar:/Users/andrii.shchupliak/.m2/repository/org/eclipse/jetty/jetty-alpn-openjdk8-server/9.4.49.v20220914/jetty-alpn-openjdk8-server-9.4.49.v20220914.jar:/Users/andrii.shchupliak/.m2/repository/org/eclipse/jetty/jetty-alpn-java-client/9.4.49.v20220914/jetty-alpn-java-client-9.4.49.v20220914.jar:/Users/andrii.shchupliak/.m2/repository/org/eclipse/jetty/jetty-alpn-client/9.4.49.v20220914/jetty-alpn-client-9.4.49.v20220914.jar:/Users/andrii.shchupliak/.m2/repository/org/eclipse/jetty/jetty-alpn-openjdk8-client/9.4.49.v20220914/jetty-alpn-openjdk8-client-9.4.49.v20220914.jar:/Users/andrii.shchupliak/.m2/repository/org/apache/httpcomponents/client5/httpclient5/5.1.3/httpclient5-5.1.3.jar:/Users/andrii.shchupliak/.m2/repository/org/apache/httpcomponents/core5/httpcore5/5.1.3/httpcore5-5.1.3.jar:/Users/andrii.shchupliak/.m2/repository/org/apache/httpcomponents/core5/httpcore5-h2/5.1.3/httpcore5-h2-5.1.3.jar:/Users/andrii.shchupliak/.m2/repository/org/xmlunit/xmlunit-core/2.9.0/xmlunit-core-2.9.0.jar:/Users/andrii.shchupliak/.m2/repository/jakarta/xml/bind/jakarta.xml.bind-api/2.3.3/jakarta.xml.bind-api-2.3.3.jar:/Users/andrii.shchupliak/.m2/repository/jakarta/activation/jakarta.activation-api/1.2.2/jakarta.activation-api-1.2.2.jar:/Users/andrii.shchupliak/.m2/repository/org/xmlunit/xmlunit-legacy/2.9.0/xmlunit-legacy-2.9.0.jar:/Users/andrii.shchupliak/.m2/repository/org/xmlunit/xmlunit-placeholders/2.9.0/xmlunit-placeholders-2.9.0.jar:/Users/andrii.shchupliak/.m2/repository/net/javacrumbs/json-unit/json-unit-core/2.36.0/json-unit-core-2.36.0.jar:/Users/andrii.shchupliak/.m2/repository/org/ow2/asm/asm/9.4/asm-9.4.jar:/Users/andrii.shchupliak/.m2/repository/net/sf/jopt-simple/jopt-simple/5.0.4/jopt-simple-5.0.4.jar:/Users/andrii.shchupliak/.m2/repository/com/github/jknack/handlebars/4.3.1/handlebars-4.3.1.jar:/Users/andrii.shchupliak/.m2/repository/com/github/jknack/handlebars-helpers/4.3.1/handlebars-helpers-4.3.1.jar:/Users/andrii.shchupliak/.m2/repository/commons-fileupload/commons-fileupload/1.4/commons-fileupload-1.4.jar:/Users/andrii.shchupliak/.m2/repository/com/jayway/jsonpath/json-path/2.8.0/json-path-2.8.0.jar:/Users/andrii.shchupliak/.m2/repository/net/minidev/json-smart/2.4.10/json-smart-2.4.10.jar:/Users/andrii.shchupliak/.m2/repository/net/minidev/accessors-smart/2.4.9/accessors-smart-2.4.9.jar:/Users/andrii.shchupliak/.m2/repository/org/aeonbits/owner/owner/1.0.12/owner-1.0.12.jar:/Users/andrii.shchupliak/.m2/repository/org/apache/httpcomponents/httpclient/4.5.14/httpclient-4.5.14.jar:/Users/andrii.shchupliak/.m2/repository/org/apache/httpcomponents/httpcore/4.4.16/httpcore-4.4.16.jar:/Users/andrii.shchupliak/.m2/repository/commons-logging/commons-logging/1.2/commons-logging-1.2.jar:/Users/andrii.shchupliak/.m2/repository/org/springframework/security/spring-security-oauth2-client/6.1.3/spring-security-oauth2-client-6.1.3.jar:/Users/andrii.shchupliak/.m2/repository/org/springframework/security/spring-security-core/6.1.3/spring-security-core-6.1.3.jar:/Users/andrii.shchupliak/.m2/repository/org/springframework/security/spring-security-crypto/6.1.3/spring-security-crypto-6.1.3.jar:/Users/andrii.shchupliak/.m2/repository/org/springframework/spring-aop/6.0.11/spring-aop-6.0.11.jar:/Users/andrii.shchupliak/.m2/repository/org/springframework/spring-beans/6.0.11/spring-beans-6.0.11.jar:/Users/andrii.shchupliak/.m2/repository/org/springframework/spring-context/6.0.11/spring-context-6.0.11.jar:/Users/andrii.shchupliak/.m2/repository/org/springframework/spring-expression/6.0.11/spring-expression-6.0.11.jar:/Users/andrii.shchupliak/.m2/repository/org/springframework/security/spring-security-oauth2-core/6.1.3/spring-security-oauth2-core-6.1.3.jar:/Users/andrii.shchupliak/.m2/repository/org/springframework/spring-web/6.0.11/spring-web-6.0.11.jar:/Users/andrii.shchupliak/.m2/repository/org/springframework/security/spring-security-web/6.1.3/spring-security-web-6.1.3.jar:/Users/andrii.shchupliak/.m2/repository/org/springframework/spring-core/6.0.11/spring-core-6.0.11.jar:/Users/andrii.shchupliak/.m2/repository/org/springframework/spring-jcl/6.0.11/spring-jcl-6.0.11.jar:/Users/andrii.shchupliak/.m2/repository/com/nimbusds/oauth2-oidc-sdk/9.43.3/oauth2-oidc-sdk-9.43.3.jar:/Users/andrii.shchupliak/.m2/repository/com/github/stephenc/jcip/jcip-annotations/1.0-1/jcip-annotations-1.0-1.jar:/Users/andrii.shchupliak/.m2/repository/com/nimbusds/content-type/2.2/content-type-2.2.jar:/Users/andrii.shchupliak/.m2/repository/com/nimbusds/lang-tag/1.7/lang-tag-1.7.jar:/Users/andrii.shchupliak/.m2/repository/com/nimbusds/nimbus-jose-jwt/9.24.4/nimbus-jose-jwt-9.24.4.jar:/Users/andrii.shchupliak/.m2/repository/com/opencsv/opencsv/5.8/opencsv-5.8.jar:/Users/andrii.shchupliak/.m2/repository/org/apache/commons/commons-text/1.10.0/commons-text-1.10.0.jar:/Users/andrii.shchupliak/.m2/repository/commons-beanutils/commons-beanutils/1.9.4/commons-beanutils-1.9.4.jar:/Users/andrii.shchupliak/.m2/repository/commons-collections/commons-collections/3.2.2/commons-collections-3.2.2.jar:/Users/andrii.shchupliak/.m2/repository/javax/mail/mail/1.4.7/mail-1.4.7.jar:/Users/andrii.shchupliak/.m2/repository/javax/activation/activation/1.1/activation-1.1.jar:/Users/andrii.shchupliak/.m2/repository/com/slack/api/slack-api-client/1.30.0/slack-api-client-1.30.0.jar:/Users/andrii.shchupliak/.m2/repository/com/slack/api/slack-api-model/1.30.0/slack-api-model-1.30.0.jar:/Users/andrii.shchupliak/.m2/repository/com/squareup/okhttp3/okhttp/4.11.0/okhttp-4.11.0.jar:/Users/andrii.shchupliak/.m2/repository/com/squareup/okio/okio/3.2.0/okio-3.2.0.jar:/Users/andrii.shchupliak/.m2/repository/com/squareup/okio/okio-jvm/3.2.0/okio-jvm-3.2.0.jar:/Users/andrii.shchupliak/.m2/repository/org/jetbrains/kotlin/kotlin-stdlib/1.6.20/kotlin-stdlib-1.6.20.jar:/Users/andrii.shchupliak/.m2/repository/org/jetbrains/kotlin/kotlin-stdlib-common/1.6.20/kotlin-stdlib-common-1.6.20.jar:/Users/andrii.shchupliak/.m2/repository/org/jetbrains/annotations/13.0/annotations-13.0.jar:/Users/andrii.shchupliak/.m2/repository/org/jetbrains/kotlin/kotlin-stdlib-jdk8/1.6.20/kotlin-stdlib-jdk8-1.6.20.jar:/Users/andrii.shchupliak/.m2/repository/org/jetbrains/kotlin/kotlin-stdlib-jdk7/1.6.20/kotlin-stdlib-jdk7-1.6.20.jar:/Users/andrii.shchupliak/.m2/repository/org/jsoup/jsoup/1.16.1/jsoup-1.16.1.jar:/Users/andrii.shchupliak/.m2/repository/org/projectlombok/lombok/1.18.28/lombok-1.18.28.jar:/Users/andrii.shchupliak/.m2/repository/org/hibernate/validator/hibernate-validator/8.0.1.Final/hibernate-validator-8.0.1.Final.jar:/Users/andrii.shchupliak/.m2/repository/jakarta/validation/jakarta.validation-api/3.0.2/jakarta.validation-api-3.0.2.jar:/Users/andrii.shchupliak/.m2/repository/org/jboss/logging/jboss-logging/3.4.3.Final/jboss-logging-3.4.3.Final.jar:/Users/andrii.shchupliak/.m2/repository/com/fasterxml/classmate/1.5.1/classmate-1.5.1.jar:/Users/andrii.shchupliak/.m2/repository/io/micrometer/micrometer-core/1.11.3/micrometer-core-1.11.3.jar:/Users/andrii.shchupliak/.m2/repository/io/micrometer/micrometer-commons/1.11.3/micrometer-commons-1.11.3.jar:/Users/andrii.shchupliak/.m2/repository/io/micrometer/micrometer-observation/1.11.3/micrometer-observation-1.11.3.jar:/Users/andrii.shchupliak/.m2/repository/org/hdrhistogram/HdrHistogram/2.1.12/HdrHistogram-2.1.12.jar:/Users/andrii.shchupliak/.m2/repository/org/latencyutils/LatencyUtils/2.0.3/LatencyUtils-2.0.3.jar:/Users/andrii.shchupliak/.m2/repository/com/fasterxml/jackson/dataformat/jackson-dataformat-xml/2.15.2/jackson-dataformat-xml-2.15.2.jar:/Users/andrii.shchupliak/.m2/repository/org/codehaus/woodstox/stax2-api/4.2.1/stax2-api-4.2.1.jar:/Users/andrii.shchupliak/.m2/repository/com/fasterxml/woodstox/woodstox-core/6.5.1/woodstox-core-6.5.1.jar:/Users/andrii.shchupliak/.m2/repository/commons-codec/commons-codec/1.16.0/commons-codec-1.16.0.jar:/Users/andrii.shchupliak/.m2/repository/org/springframework/retry/spring-retry/2.0.2/spring-retry-2.0.2.jar:/Users/andrii.shchupliak/.m2/repository/net/jcip/jcip-annotations/1.0/jcip-annotations-1.0.jar:/Users/andrii.shchupliak/.m2/repository/org/yaml/snakeyaml/2.2/snakeyaml-2.2.jar:/Users/andrii.shchupliak/.m2/repository/org/reflections/reflections/0.10.2/reflections-0.10.2.jar:/Users/andrii.shchupliak/.m2/repository/org/javassist/javassist/3.28.0-GA/javassist-3.28.0-GA.jar:/Users/andrii.shchupliak/.m2/repository/com/google/code/findbugs/jsr305/3.0.2/jsr305-3.0.2.jar:/Users/andrii.shchupliak/.m2/repository/com/google/guava/guava/32.1.2-jre/guava-32.1.2-jre.jar:/Users/andrii.shchupliak/.m2/repository/com/google/guava/failureaccess/1.0.1/failureaccess-1.0.1.jar:/Users/andrii.shchupliak/.m2/repository/com/google/guava/listenablefuture/9999.0-empty-to-avoid-conflict-with-guava/listenablefuture-9999.0-empty-to-avoid-conflict-with-guava.jar:/Users/andrii.shchupliak/.m2/repository/com/google/errorprone/error_prone_annotations/2.18.0/error_prone_annotations-2.18.0.jar:/Users/andrii.shchupliak/.m2/repository/com/google/j2objc/j2objc-annotations/2.8/j2objc-annotations-2.8.jar:/Users/andrii.shchupliak/.m2/repository/junit/junit/4.13.2/junit-4.13.2.jar:/Users/andrii.shchupliak/.m2/repository/org/hamcrest/hamcrest-core/1.3/hamcrest-core-1.3.jar:"/>
    <property name="sun.cpu.endian" value="little"/>
    <property name="user.home" value="/Users/andrii.shchupliak"/>
    <property name="user.language" value="en"/>
    <property name="thread.count" value="3"/>
    <property name="java.specification.vendor" value="Oracle Corporation"/>
    <property name="java.version.date" value="2025-04-15"/>
    <property name="java.home" value="/Users/andrii.shchupliak/.sdkman/candidates/java/21.0.7-tem"/>
    <property name="file.separator" value="/"/>
    <property name="basedir" value="/Users/andrii.shchupliak/Downloads/code_samples/java-rest-assured-api-testing-framework"/>
    <property name="java.vm.compressedOopsMode" value="Zero based"/>
    <property name="line.separator" value="&#10;"/>
    <property name="java.vm.specification.vendor" value="Oracle Corporation"/>
    <property name="java.specification.name" value="Java Platform API Specification"/>
    <property name="apple.awt.application.name" value="ForkedBooter"/>
    <property name="surefire.real.class.path" value="/Users/andrii.shchupliak/Downloads/code_samples/java-rest-assured-api-testing-framework/target/surefire/surefirebooter-20250710003141232_3.jar"/>
    <property name="sun.management.compiler" value="HotSpot 64-Bit Tiered Compilers"/>
    <property name="ftp.nonProxyHosts" value="local|*.local|169.254/16|*.169.254/16"/>
    <property name="java.runtime.version" value="21.0.7+6-LTS"/>
    <property name="user.name" value="andrii.shchupliak"/>
    <property name="stdout.encoding" value="UTF-8"/>
    <property name="path.separator" value=":"/>
    <property name="os.version" value="15.5"/>
    <property name="java.runtime.name" value="OpenJDK Runtime Environment"/>
    <property name="file.encoding" value="UTF-8"/>
    <property name="parallel" value="false"/>
    <property name="java.vm.name" value="OpenJDK 64-Bit Server VM"/>
    <property name="java.vendor.version" value="Temurin-21.0.7+6"/>
    <property name="localRepository" value="/Users/andrii.shchupliak/.m2/repository"/>
    <property name="java.vendor.url.bug" value="https://github.com/adoptium/adoptium-support/issues"/>
    <property name="java.io.tmpdir" value="/var/folders/1d/2y__17jj6y7c57w4np4298xm0000gn/T/"/>
    <property name="java.version" value="21.0.7"/>
    <property name="user.dir" value="/Users/andrii.shchupliak/Downloads/code_samples/java-rest-assured-api-testing-framework"/>
    <property name="os.arch" value="aarch64"/>
    <property name="java.vm.specification.name" value="Java Virtual Machine Specification"/>
    <property name="native.encoding" value="UTF-8"/>
    <property name="environment" value="dev"/>
    <property name="java.library.path" value="/Users/andrii.shchupliak/Library/Java/Extensions:/Library/Java/Extensions:/Network/Library/Java/Extensions:/System/Library/Java/Extensions:/usr/lib/java:."/>
    <property name="java.vm.info" value="mixed mode, sharing"/>
    <property name="stderr.encoding" value="UTF-8"/>
    <property name="java.vendor" value="Eclipse Adoptium"/>
    <property name="java.vm.version" value="21.0.7+6-LTS"/>
    <property name="sun.io.unicode.encoding" value="UnicodeBig"/>
    <property name="socksNonProxyHosts" value="local|*.local|169.254/16|*.169.254/16"/>
    <property name="java.class.version" value="65.0"/>
  </properties>
  <testcase name="testGetAllPosts" classname="com.framework.tests.PostsTests" time="0.715">
    <system-out><![CDATA[00:31:41.895 [main] DEBUG org.testng.TestNG -- suiteXmlPath: "/Users/andrii.shchupliak/Downloads/code_samples/java-rest-assured-api-testing-framework/src/test/resources/testng.xml"
00:31:41.912 [main] INFO org.testng.internal.Utils -- [XmlSuite] [WARN] 'parallel' value 'false' is no longer valid, defaulting to 'none'.
00:31:41.925 [main] WARN org.testng.TestNG -- Ignoring duplicate listener : io.qameta.allure.testng.AllureTestNg
00:31:41.925 [main] WARN org.testng.TestNG -- Ignoring duplicate listener : io.qameta.allure.testng.AllureTestNg
00:31:41.925 [main] WARN org.testng.TestNG -- Ignoring duplicate listener : io.qameta.allure.testng.AllureTestNg
00:31:41.929 [main] WARN org.testng.TestNG -- Ignoring duplicate listener : io.qameta.allure.testng.AllureTestNg
00:31:41.929 [main] WARN org.testng.TestNG -- Ignoring duplicate listener : io.qameta.allure.testng.AllureTestNg
00:31:41.929 [main] WARN org.testng.TestNG -- Ignoring duplicate listener : io.qameta.allure.testng.AllureTestNg
Standard Commons Logging discovery in action with spring-jcl: please remove commons-logging.jar from classpath in order to avoid potential conflicts
Starting test: Get all posts
[PASS] Get all posts test passed
]]></system-out>
    <system-err><![CDATA[ERROR StatusLogger Log4j2 could not find a logging implementation. Please add log4j-core to the classpath. Using SimpleLogger to log to the console...
]]></system-err>
  </testcase>
  <testcase name="testGetPostById" classname="com.framework.tests.PostsTests" time="0.267">
    <system-out><![CDATA[Starting test: Get post by ID
[PASS] Get post by ID test passed
]]></system-out>
  </testcase>
  <testcase name="testCreatePost" classname="com.framework.tests.PostsTests" time="0.47">
    <system-out><![CDATA[Starting test: Create new post
[PASS] Create post test passed
]]></system-out>
  </testcase>
  <testcase name="testUpdatePost" classname="com.framework.tests.PostsTests" time="0.322">
    <system-out><![CDATA[Starting test: Update existing post
[PASS] Update post test passed
]]></system-out>
  </testcase>
  <testcase name="testDeletePost" classname="com.framework.tests.PostsTests" time="0.299">
    <system-out><![CDATA[Starting test: Delete post
[PASS] Delete post test passed
]]></system-out>
  </testcase>
  <testcase name="testGetPostsByUserId" classname="com.framework.tests.PostsTests" time="0.123">
    <system-out><![CDATA[Starting test: Get posts by user ID
[PASS] Get posts by user ID test passed
]]></system-out>
  </testcase>
  <testcase name="testGetNonExistentPost" classname="com.framework.tests.PostsTests" time="0.055">
    <system-out><![CDATA[Starting test: Get non-existent post
[PASS] Get non-existent post test passed
]]></system-out>
  </testcase>
</testsuite>